{
  "stats": {
    "suites": 0,
    "tests": 1,
    "passes": 1,
    "pending": 0,
    "failures": 0,
    "start": "2022-02-22T10:10:00.178Z",
    "end": "2022-02-22T10:10:16.482Z",
    "duration": 16304,
    "testsRegistered": 1,
    "passPercent": 100,
    "pendingPercent": 0,
    "other": 0,
    "hasOther": false,
    "skipped": 0,
    "hasSkipped": false
  },
  "results": [
    {
      "uuid": "9768ffff-e0a3-4c9e-be08-f9b284e12af3",
      "title": "",
      "fullFile": "cypress/integration/basic.ts",
      "file": "cypress/integration/basic.ts",
      "beforeHooks": [],
      "afterHooks": [],
      "tests": [
        {
          "title": "google test",
          "fullTitle": "google test",
          "timedOut": null,
          "duration": 12404,
          "state": "passed",
          "speed": "slow",
          "pass": true,
          "fail": false,
          "pending": false,
          "context": null,
          "code": "cy.visit('https://google.com');\ncy.get('.gLFyf').type('automation step by step')\n    .type('{enter}');",
          "err": {},
          "uuid": "bcd80106-7d8b-40c3-b851-51f0c036c246",
          "parentUUID": "9768ffff-e0a3-4c9e-be08-f9b284e12af3",
          "isHook": false,
          "skipped": false
        }
      ],
      "suites": [],
      "passes": [
        "bcd80106-7d8b-40c3-b851-51f0c036c246"
      ],
      "failures": [],
      "pending": [],
      "skipped": [],
      "duration": 12404,
      "root": true,
      "rootEmpty": false,
      "_timeout": 2000
    }
  ],
  "meta": {
    "mocha": {
      "version": "7.0.1"
    },
    "mochawesome": {
      "options": {
        "quiet": false,
        "reportFilename": "mochawesome",
        "saveHtml": false,
        "saveJson": true,
        "consoleReporter": "spec",
        "useInlineDiffs": false,
        "code": true
      },
      "version": "6.3.1"
    },
    "marge": {
      "options": {
        "overwrite": false,
        "html": false,
        "json": true,
        "reportDir": "cypress\\reports\\html\\.jsons"
      },
      "version": "5.2.0"
    }
  }
}