{
  "stats": {
    "suites": 0,
    "tests": 1,
    "passes": 1,
    "pending": 0,
    "failures": 0,
    "start": "2022-02-23T12:33:36.658Z",
    "end": "2022-02-23T12:33:50.940Z",
    "duration": 14282,
    "testsRegistered": 1,
    "passPercent": 100,
    "pendingPercent": 0,
    "other": 0,
    "hasOther": false,
    "skipped": 0,
    "hasSkipped": false
  },
  "results": [
    {
      "uuid": "b077dc70-df05-4174-b92e-3db34f273eb5",
      "title": "",
      "fullFile": "cypress/integration/dummyloginpractice.ts",
      "file": "cypress/integration/dummyloginpractice.ts",
      "beforeHooks": [],
      "afterHooks": [],
      "tests": [
        {
          "title": "dummy login test",
          "fullTitle": "dummy login test",
          "timedOut": null,
          "duration": 11200,
          "state": "passed",
          "speed": "slow",
          "pass": true,
          "fail": false,
          "pending": false,
          "context": null,
          "code": "cy.visit('https://rahulshettyacademy.com/AutomationPractice/');\ncy.get('[for=\"radio1\"]').click();\ncy.get('#autocomplete').type('india').click();",
          "err": {},
          "uuid": "8bb75f4d-89c2-4050-81e5-0f7dcadf9453",
          "parentUUID": "b077dc70-df05-4174-b92e-3db34f273eb5",
          "isHook": false,
          "skipped": false
        }
      ],
      "suites": [],
      "passes": [
        "8bb75f4d-89c2-4050-81e5-0f7dcadf9453"
      ],
      "failures": [],
      "pending": [],
      "skipped": [],
      "duration": 11200,
      "root": true,
      "rootEmpty": false,
      "_timeout": 2000
    }
  ],
  "meta": {
    "mocha": {
      "version": "7.0.1"
    },
    "mochawesome": {
      "options": {
        "quiet": false,
        "reportFilename": "mochawesome",
        "saveHtml": false,
        "saveJson": true,
        "consoleReporter": "spec",
        "useInlineDiffs": false,
        "code": true
      },
      "version": "6.3.1"
    },
    "marge": {
      "options": {
        "overwrite": false,
        "html": false,
        "json": true,
        "reportDir": "cypress\\reports\\html\\.jsons"
      },
      "version": "5.2.0"
    }
  }
}