{
  "stats": {
    "suites": 0,
    "tests": 1,
    "passes": 0,
    "pending": 0,
    "failures": 1,
    "start": "2022-02-23T12:34:17.219Z",
    "end": "2022-02-23T12:34:56.371Z",
    "duration": 39152,
    "testsRegistered": 1,
    "passPercent": 0,
    "pendingPercent": 0,
    "other": 0,
    "hasOther": false,
    "skipped": 0,
    "hasSkipped": false
  },
  "results": [
    {
      "uuid": "7709ff16-5121-43d6-924c-cd0a821b0563",
      "title": "",
      "fullFile": "cypress/integration/guru99.ts",
      "file": "cypress/integration/guru99.ts",
      "beforeHooks": [],
      "afterHooks": [],
      "tests": [
        {
          "title": "guru99 test",
          "fullTitle": "guru99 test",
          "timedOut": null,
          "duration": 32760,
          "state": "failed",
          "speed": null,
          "pass": false,
          "fail": true,
          "pending": false,
          "context": "{\n  \"title\": \"cypress-mochawesome-reporter-screenshots\",\n  \"value\": [\n    [\n      {\n        \"title\": \"Failed screenshot\",\n        \"value\": \"\\\\guru99.ts\\\\guru99 test (failed).png\"\n      }\n    ]\n  ]\n}",
          "code": "cy.visit('https://clicks.aweber.com/y/ct/?l=N2oUE&m=3_dx7v7KqxQLjy9&b=Vk9Twz1lUZjBCQs5.ATtpA');\ncy.get('.nav-1 > .level0').click();\ncy.get('.category-products > :nth-child(1) > .sorter > .sort-by > select').select('Name');\ncy.get(':nth-child(2) > .product-info > .actions > .button > :nth-child(1) > span').click();",
          "err": {
            "message": "CypressError: Cypress detected a cross origin error happened on page load:\n\n  > Blocked a frame with origin \"http://live.techpanda.org\" from accessing a cross-origin frame.\n\nBefore the page load, you were bound to the origin policy:\n\n  > http://techpanda.org\n\nA cross origin error happens when your application navigates to a new URL which does not match the origin policy above.\n\nA new URL does not match the origin policy if the 'protocol', 'port' (if specified), and/or 'host' (unless of the same superdomain) are different.\n\nCypress does not allow you to navigate to a different origin URL within a single test.\n\nYou may need to restructure some of your test code to avoid this problem.\n\nAlternatively you can also disable Chrome Web Security in Chromium-based browsers which will turn off this restriction by setting { chromeWebSecurity: false } in `cypress.json`.\n\nhttps://on.cypress.io/cross-origin-violation",
            "estack": "CypressError: Cypress detected a cross origin error happened on page load:\n\n  > Blocked a frame with origin \"http://live.techpanda.org\" from accessing a cross-origin frame.\n\nBefore the page load, you were bound to the origin policy:\n\n  > http://techpanda.org\n\nA cross origin error happens when your application navigates to a new URL which does not match the origin policy above.\n\nA new URL does not match the origin policy if the 'protocol', 'port' (if specified), and/or 'host' (unless of the same superdomain) are different.\n\nCypress does not allow you to navigate to a different origin URL within a single test.\n\nYou may need to restructure some of your test code to avoid this problem.\n\nAlternatively you can also disable Chrome Web Security in Chromium-based browsers which will turn off this restriction by setting { chromeWebSecurity: false } in `cypress.json`.\n\nhttps://on.cypress.io/cross-origin-violation\n    at onPageLoadErr (http://live.techpanda.org/__cypress/runner/cypress_runner.js:158272:76)\n    at HTMLIFrameElement.<anonymous> (http://live.techpanda.org/__cypress/runner/cypress_runner.js:172771:15)\n    at HTMLIFrameElement.dispatch (http://live.techpanda.org/__cypress/runner/cypress_runner.js:113325:27)\n    at HTMLIFrameElement.elemData.handle (http://live.techpanda.org/__cypress/runner/cypress_runner.js:113133:28)\nFrom Your Spec Code:\n    at Context.eval (http://live.techpanda.org/__cypress/tests?p=cypress\\integration\\guru99.ts:102:8)",
            "diff": null
          },
          "uuid": "d0939a03-97e4-4100-83b5-87eda745d85c",
          "parentUUID": "7709ff16-5121-43d6-924c-cd0a821b0563",
          "isHook": false,
          "skipped": false
        }
      ],
      "suites": [],
      "passes": [],
      "failures": [
        "d0939a03-97e4-4100-83b5-87eda745d85c"
      ],
      "pending": [],
      "skipped": [],
      "duration": 32760,
      "root": true,
      "rootEmpty": false,
      "_timeout": 2000
    }
  ],
  "meta": {
    "mocha": {
      "version": "7.0.1"
    },
    "mochawesome": {
      "options": {
        "quiet": false,
        "reportFilename": "mochawesome",
        "saveHtml": false,
        "saveJson": true,
        "consoleReporter": "spec",
        "useInlineDiffs": false,
        "code": true
      },
      "version": "6.3.1"
    },
    "marge": {
      "options": {
        "overwrite": false,
        "html": false,
        "json": true,
        "reportDir": "cypress\\reports\\html\\.jsons"
      },
      "version": "5.2.0"
    }
  }
}