{
  "stats": {
    "suites": 1,
    "tests": 3,
    "passes": 3,
    "pending": 0,
    "failures": 0,
    "start": "2022-02-22T10:11:18.577Z",
    "end": "2022-02-22T10:11:18.922Z",
    "duration": 345,
    "testsRegistered": 3,
    "passPercent": 100,
    "pendingPercent": 0,
    "other": 0,
    "hasOther": false,
    "skipped": 0,
    "hasSkipped": false
  },
  "results": [
    {
      "uuid": "3d5bf7bd-ebc5-4133-80eb-49aa94c91712",
      "title": "",
      "fullFile": "cypress/integration/readwritefile.spec.ts",
      "file": "cypress/integration/readwritefile.spec.ts",
      "beforeHooks": [],
      "afterHooks": [],
      "tests": [],
      "suites": [
        {
          "uuid": "f0497cd3-6933-4f93-84ba-9f36c1e70406",
          "title": "read write file tests",
          "fullFile": "",
          "file": "",
          "beforeHooks": [],
          "afterHooks": [],
          "tests": [
            {
              "title": "read file test using fixture",
              "fullTitle": "read write file tests read file test using fixture",
              "timedOut": null,
              "duration": 140,
              "state": "passed",
              "speed": "fast",
              "pass": true,
              "fail": false,
              "pending": false,
              "context": null,
              "code": "cy.fixture('example.json')\n    .its('name').should('eq', 'cypress');\ncy.log(this.data.name);\ncy.log(this.data.email);",
              "err": {},
              "uuid": "45405c35-a26f-48ce-b4da-b09a0eaa508d",
              "parentUUID": "f0497cd3-6933-4f93-84ba-9f36c1e70406",
              "isHook": false,
              "skipped": false
            },
            {
              "title": "read file ",
              "fullTitle": "read write file tests read file ",
              "timedOut": null,
              "duration": 54,
              "state": "passed",
              "speed": "fast",
              "pass": true,
              "fail": false,
              "pending": false,
              "context": null,
              "code": "cy.readFile('./cypress/fixtures/example.json')\n    .its('name').should('eq', 'cypress');",
              "err": {},
              "uuid": "3abc0454-7685-483c-835b-99f854ce56c2",
              "parentUUID": "f0497cd3-6933-4f93-84ba-9f36c1e70406",
              "isHook": false,
              "skipped": false
            },
            {
              "title": "write file",
              "fullTitle": "read write file tests write file",
              "timedOut": null,
              "duration": 92,
              "state": "passed",
              "speed": "fast",
              "pass": true,
              "fail": false,
              "pending": false,
              "context": null,
              "code": "cy.writeFile('sample.txt', 'Hello, we are learning cypress');\ncy.writeFile('sample.txt', '\\nHi i am Hira', { flag: 'a+' });\ncy.readFile('sample.txt').should('contain', 'cypress');",
              "err": {},
              "uuid": "e0f6ab88-fa0f-460c-99e0-03c7933ecb7d",
              "parentUUID": "f0497cd3-6933-4f93-84ba-9f36c1e70406",
              "isHook": false,
              "skipped": false
            }
          ],
          "suites": [],
          "passes": [
            "45405c35-a26f-48ce-b4da-b09a0eaa508d",
            "3abc0454-7685-483c-835b-99f854ce56c2",
            "e0f6ab88-fa0f-460c-99e0-03c7933ecb7d"
          ],
          "failures": [],
          "pending": [],
          "skipped": [],
          "duration": 286,
          "root": false,
          "rootEmpty": false,
          "_timeout": 2000
        }
      ],
      "passes": [],
      "failures": [],
      "pending": [],
      "skipped": [],
      "duration": 0,
      "root": true,
      "rootEmpty": true,
      "_timeout": 2000
    }
  ],
  "meta": {
    "mocha": {
      "version": "7.0.1"
    },
    "mochawesome": {
      "options": {
        "quiet": false,
        "reportFilename": "mochawesome",
        "saveHtml": false,
        "saveJson": true,
        "consoleReporter": "spec",
        "useInlineDiffs": false,
        "code": true
      },
      "version": "6.3.1"
    },
    "marge": {
      "options": {
        "overwrite": false,
        "html": false,
        "json": true,
        "reportDir": "cypress\\reports\\html\\.jsons"
      },
      "version": "5.2.0"
    }
  }
}