{
  "stats": {
    "suites": 1,
    "tests": 1,
    "passes": 1,
    "pending": 0,
    "failures": 0,
    "start": "2022-02-23T12:34:04.649Z",
    "end": "2022-02-23T12:34:10.155Z",
    "duration": 5506,
    "testsRegistered": 1,
    "passPercent": 100,
    "pendingPercent": 0,
    "other": 0,
    "hasOther": false,
    "skipped": 0,
    "hasSkipped": false
  },
  "results": [
    {
      "uuid": "fb14ba75-fcad-42f2-8d62-d0c89dc8425c",
      "title": "",
      "fullFile": "cypress/integration/fileupload.spec.ts",
      "file": "cypress/integration/fileupload.spec.ts",
      "beforeHooks": [],
      "afterHooks": [],
      "tests": [],
      "suites": [
        {
          "uuid": "692d68ae-b928-4da7-9951-ba62a7601590",
          "title": "file upload tests",
          "fullFile": "",
          "file": "",
          "beforeHooks": [],
          "afterHooks": [],
          "tests": [
            {
              "title": "file upload demo",
              "fullTitle": "file upload tests file upload demo",
              "timedOut": null,
              "duration": 1972,
              "state": "passed",
              "speed": "fast",
              "pass": true,
              "fail": false,
              "pending": false,
              "context": null,
              "code": "cy.visit('https://filebin.net/');\ncy.get('#fileField').attachFile('photo.png');\n//cy.get('tbody > tr > :nth-child(1)')",
              "err": {},
              "uuid": "92889329-555d-4bc8-b4ff-02fd7c39cf65",
              "parentUUID": "692d68ae-b928-4da7-9951-ba62a7601590",
              "isHook": false,
              "skipped": false
            }
          ],
          "suites": [],
          "passes": [
            "92889329-555d-4bc8-b4ff-02fd7c39cf65"
          ],
          "failures": [],
          "pending": [],
          "skipped": [],
          "duration": 1972,
          "root": false,
          "rootEmpty": false,
          "_timeout": 2000
        }
      ],
      "passes": [],
      "failures": [],
      "pending": [],
      "skipped": [],
      "duration": 0,
      "root": true,
      "rootEmpty": true,
      "_timeout": 2000
    }
  ],
  "meta": {
    "mocha": {
      "version": "7.0.1"
    },
    "mochawesome": {
      "options": {
        "quiet": false,
        "reportFilename": "mochawesome",
        "saveHtml": false,
        "saveJson": true,
        "consoleReporter": "spec",
        "useInlineDiffs": false,
        "code": true
      },
      "version": "6.3.1"
    },
    "marge": {
      "options": {
        "overwrite": false,
        "html": false,
        "json": true,
        "reportDir": "cypress\\reports\\html\\.jsons"
      },
      "version": "5.2.0"
    }
  }
}