{
  "stats": {
    "suites": 1,
    "tests": 1,
    "passes": 1,
    "pending": 0,
    "failures": 0,
    "start": "2022-02-22T10:11:06.519Z",
    "end": "2022-02-22T10:11:12.188Z",
    "duration": 5669,
    "testsRegistered": 1,
    "passPercent": 100,
    "pendingPercent": 0,
    "other": 0,
    "hasOther": false,
    "skipped": 0,
    "hasSkipped": false
  },
  "results": [
    {
      "uuid": "5aaf363f-b14c-4ea5-8778-09aeee01114e",
      "title": "",
      "fullFile": "cypress/integration/fileupload.spec.ts",
      "file": "cypress/integration/fileupload.spec.ts",
      "beforeHooks": [],
      "afterHooks": [],
      "tests": [],
      "suites": [
        {
          "uuid": "09564c9a-3fb8-4135-8f86-db83c153f707",
          "title": "file upload tests",
          "fullFile": "",
          "file": "",
          "beforeHooks": [],
          "afterHooks": [],
          "tests": [
            {
              "title": "file upload demo",
              "fullTitle": "file upload tests file upload demo",
              "timedOut": null,
              "duration": 2101,
              "state": "passed",
              "speed": "fast",
              "pass": true,
              "fail": false,
              "pending": false,
              "context": null,
              "code": "cy.visit('https://filebin.net/');\ncy.get('#fileField').attachFile('photo.png');\n//cy.get('tbody > tr > :nth-child(1)')",
              "err": {},
              "uuid": "fba7ce6c-a570-4abf-b263-b16d875b4949",
              "parentUUID": "09564c9a-3fb8-4135-8f86-db83c153f707",
              "isHook": false,
              "skipped": false
            }
          ],
          "suites": [],
          "passes": [
            "fba7ce6c-a570-4abf-b263-b16d875b4949"
          ],
          "failures": [],
          "pending": [],
          "skipped": [],
          "duration": 2101,
          "root": false,
          "rootEmpty": false,
          "_timeout": 2000
        }
      ],
      "passes": [],
      "failures": [],
      "pending": [],
      "skipped": [],
      "duration": 0,
      "root": true,
      "rootEmpty": true,
      "_timeout": 2000
    }
  ],
  "meta": {
    "mocha": {
      "version": "7.0.1"
    },
    "mochawesome": {
      "options": {
        "quiet": false,
        "reportFilename": "mochawesome",
        "saveHtml": false,
        "saveJson": true,
        "consoleReporter": "spec",
        "useInlineDiffs": false,
        "code": true
      },
      "version": "6.3.1"
    },
    "marge": {
      "options": {
        "overwrite": false,
        "html": false,
        "json": true,
        "reportDir": "cypress\\reports\\html\\.jsons"
      },
      "version": "5.2.0"
    }
  }
}