{
  "stats": {
    "suites": 1,
    "tests": 3,
    "passes": 3,
    "pending": 0,
    "failures": 0,
    "start": "2022-02-23T12:31:41.372Z",
    "end": "2022-02-23T12:31:41.688Z",
    "duration": 316,
    "testsRegistered": 3,
    "passPercent": 100,
    "pendingPercent": 0,
    "other": 0,
    "hasOther": false,
    "skipped": 0,
    "hasSkipped": false
  },
  "results": [
    {
      "uuid": "2fb8c89b-e23b-4ea2-aec2-8c09b89a33d9",
      "title": "",
      "fullFile": "cypress/integration/readwritefile.spec.ts",
      "file": "cypress/integration/readwritefile.spec.ts",
      "beforeHooks": [],
      "afterHooks": [],
      "tests": [],
      "suites": [
        {
          "uuid": "0e09472b-de8c-4c2c-b66d-055e2da3105b",
          "title": "read write file tests",
          "fullFile": "",
          "file": "",
          "beforeHooks": [],
          "afterHooks": [],
          "tests": [
            {
              "title": "read file test using fixture",
              "fullTitle": "read write file tests read file test using fixture",
              "timedOut": null,
              "duration": 102,
              "state": "passed",
              "speed": "fast",
              "pass": true,
              "fail": false,
              "pending": false,
              "context": null,
              "code": "cy.fixture('example.json')\n    .its('name').should('eq', 'cypress');\ncy.log(this.data.name);\ncy.log(this.data.email);",
              "err": {},
              "uuid": "5a4ba23e-6688-4435-bca7-b0e3c1c05856",
              "parentUUID": "0e09472b-de8c-4c2c-b66d-055e2da3105b",
              "isHook": false,
              "skipped": false
            },
            {
              "title": "read file ",
              "fullTitle": "read write file tests read file ",
              "timedOut": null,
              "duration": 57,
              "state": "passed",
              "speed": "fast",
              "pass": true,
              "fail": false,
              "pending": false,
              "context": null,
              "code": "cy.readFile('./cypress/fixtures/example.json')\n    .its('name').should('eq', 'cypress');",
              "err": {},
              "uuid": "10422ddc-07df-48fe-8e5f-761af449dd75",
              "parentUUID": "0e09472b-de8c-4c2c-b66d-055e2da3105b",
              "isHook": false,
              "skipped": false
            },
            {
              "title": "write file",
              "fullTitle": "read write file tests write file",
              "timedOut": null,
              "duration": 83,
              "state": "passed",
              "speed": "fast",
              "pass": true,
              "fail": false,
              "pending": false,
              "context": null,
              "code": "cy.writeFile('sample.txt', 'Hello, we are learning cypress');\ncy.writeFile('sample.txt', '\\nHi i am Hira', { flag: 'a+' });\ncy.readFile('sample.txt').should('contain', 'cypress');",
              "err": {},
              "uuid": "a6f752c6-fcd5-4213-83e0-7fc691d31e6f",
              "parentUUID": "0e09472b-de8c-4c2c-b66d-055e2da3105b",
              "isHook": false,
              "skipped": false
            }
          ],
          "suites": [],
          "passes": [
            "5a4ba23e-6688-4435-bca7-b0e3c1c05856",
            "10422ddc-07df-48fe-8e5f-761af449dd75",
            "a6f752c6-fcd5-4213-83e0-7fc691d31e6f"
          ],
          "failures": [],
          "pending": [],
          "skipped": [],
          "duration": 242,
          "root": false,
          "rootEmpty": false,
          "_timeout": 2000
        }
      ],
      "passes": [],
      "failures": [],
      "pending": [],
      "skipped": [],
      "duration": 0,
      "root": true,
      "rootEmpty": true,
      "_timeout": 2000
    }
  ],
  "meta": {
    "mocha": {
      "version": "7.0.1"
    },
    "mochawesome": {
      "options": {
        "quiet": false,
        "reportFilename": "mochawesome",
        "saveHtml": false,
        "saveJson": true,
        "consoleReporter": "spec",
        "useInlineDiffs": false,
        "code": true
      },
      "version": "6.3.1"
    },
    "marge": {
      "options": {
        "overwrite": false,
        "html": false,
        "json": true,
        "reportDir": "cypress\\reports\\html\\.jsons"
      },
      "version": "5.2.0"
    }
  }
}