{
  "stats": {
    "suites": 1,
    "tests": 3,
    "passes": 3,
    "pending": 0,
    "failures": 0,
    "start": "2022-02-21T14:43:05.174Z",
    "end": "2022-02-21T14:43:05.531Z",
    "duration": 357,
    "testsRegistered": 3,
    "passPercent": 100,
    "pendingPercent": 0,
    "other": 0,
    "hasOther": false,
    "skipped": 0,
    "hasSkipped": false
  },
  "results": [
    {
      "uuid": "c5342b20-81f9-4c7f-b55b-d5ac62a720e2",
      "title": "",
      "fullFile": "cypress/integration/readwritefile.spec.ts",
      "file": "cypress/integration/readwritefile.spec.ts",
      "beforeHooks": [],
      "afterHooks": [],
      "tests": [],
      "suites": [
        {
          "uuid": "6a922297-2be0-41c7-9b79-0e97e7f9a2d9",
          "title": "read write file tests",
          "fullFile": "",
          "file": "",
          "beforeHooks": [],
          "afterHooks": [],
          "tests": [
            {
              "title": "read file test using fixture",
              "fullTitle": "read write file tests read file test using fixture",
              "timedOut": null,
              "duration": 144,
              "state": "passed",
              "speed": "fast",
              "pass": true,
              "fail": false,
              "pending": false,
              "context": null,
              "code": "cy.fixture('example.json')\n    .its('name').should('eq', 'cypress');\ncy.log(this.data.name);\ncy.log(this.data.email);",
              "err": {},
              "uuid": "8e4e1e2b-928f-4db9-be4f-4c4d8122ff08",
              "parentUUID": "6a922297-2be0-41c7-9b79-0e97e7f9a2d9",
              "isHook": false,
              "skipped": false
            },
            {
              "title": "read file ",
              "fullTitle": "read write file tests read file ",
              "timedOut": null,
              "duration": 68,
              "state": "passed",
              "speed": "fast",
              "pass": true,
              "fail": false,
              "pending": false,
              "context": null,
              "code": "cy.readFile('./cypress/fixtures/example.json')\n    .its('name').should('eq', 'cypress');",
              "err": {},
              "uuid": "679d4228-12c7-4a76-8543-868cf848b150",
              "parentUUID": "6a922297-2be0-41c7-9b79-0e97e7f9a2d9",
              "isHook": false,
              "skipped": false
            },
            {
              "title": "write file",
              "fullTitle": "read write file tests write file",
              "timedOut": null,
              "duration": 71,
              "state": "passed",
              "speed": "fast",
              "pass": true,
              "fail": false,
              "pending": false,
              "context": null,
              "code": "cy.writeFile('sample.txt', 'Hello, we are learning cypress');\ncy.writeFile('sample.txt', '\\nHi i am Hira', { flag: 'a+' });\ncy.readFile('sample.txt').should('contain', 'cypress');",
              "err": {},
              "uuid": "5ea3966d-7ac0-4908-8825-5d73a545ac82",
              "parentUUID": "6a922297-2be0-41c7-9b79-0e97e7f9a2d9",
              "isHook": false,
              "skipped": false
            }
          ],
          "suites": [],
          "passes": [
            "8e4e1e2b-928f-4db9-be4f-4c4d8122ff08",
            "679d4228-12c7-4a76-8543-868cf848b150",
            "5ea3966d-7ac0-4908-8825-5d73a545ac82"
          ],
          "failures": [],
          "pending": [],
          "skipped": [],
          "duration": 283,
          "root": false,
          "rootEmpty": false,
          "_timeout": 2000
        }
      ],
      "passes": [],
      "failures": [],
      "pending": [],
      "skipped": [],
      "duration": 0,
      "root": true,
      "rootEmpty": true,
      "_timeout": 2000
    }
  ],
  "meta": {
    "mocha": {
      "version": "7.0.1"
    },
    "mochawesome": {
      "options": {
        "quiet": false,
        "reportFilename": "mochawesome",
        "saveHtml": true,
        "saveJson": true,
        "consoleReporter": "spec",
        "useInlineDiffs": false,
        "code": true
      },
      "version": "7.0.1"
    },
    "marge": {
      "options": null,
      "version": "6.0.1"
    }
  }
}